Logfile initialized
[INFO] logfile = C:\Users\YouthStop Inc\My Documents\Titanium Studio Workspace\helloworld\build.log
[DEBUG] C:\Users\YouthStop Inc\AppData\Roaming\Titanium\mobilesdk\win32\1.7.5\android\builder.py simulator helloworld C:\Program Files (x86)\Android\android-sdk C:\Users\YouthStop Inc\My Documents\Titanium Studio Workspace\helloworld com.studybuddy.helloworld 1 HVGA
[INFO] Building helloworld for Android ... one moment
[INFO] Titanium SDK version: 1.7.5 (11/02/11 17:00 ab20af7)
[DEBUG] Waiting for device to be ready ...
[TRACE] adb devices returned 1 devices/emulators
[DEBUG] Device connected... (waited 0 seconds)
[DEBUG] waited 0.024000 seconds on emulator to get ready
[DEBUG] com.studybuddy.helloworld installed? True
[INFO] Fastdev server running, deploying in Fastdev mode
[INFO] Copying project resources..
[TRACE] COPYING MODIFIED FILE: C:\Users\YouthStop Inc\My Documents\Titanium Studio Workspace\helloworld\Resources\login.js => C:\Users\YouthStop Inc\My Documents\Titanium Studio Workspace\helloworld\build\android\bin\assets\Resources\login.js
[INFO] Tiapp.xml unchanged, skipping class generation
[DEBUG] Processing Android resource drawables
[INFO] Waiting for SDCard to become available..
[INFO] Re-launching application ... helloworld
[INFO] Launching application ... helloworld
[TRACE] Launch output: Starting: Intent { act=android.intent.action.MAIN cat=[android.intent.category.LAUNCHER] cmp=com.studybuddy.helloworld/.HelloworldActivity }
Warning: Activity not started, its current task has been brought to the front

[INFO] Relaunched helloworld ... Application should be running.
